\BOOKMARK [0][-]{label:frontpage.0}{Front page}{}% 1
\BOOKMARK [0][-]{label:titlepage_en.0}{English title page}{}% 2
\BOOKMARK [0][-]{label:contents.0}{Contents}{}% 3
\BOOKMARK [0][-]{chapter.1}{1 Introduction}{}% 4
\BOOKMARK [1][-]{section.1.1}{1.1 Our Goal / Scope of this report}{chapter.1}% 5
\BOOKMARK [0][-]{chapter.2}{2 The Data}{}% 6
\BOOKMARK [1][-]{section.2.1}{2.1 Stock Selection}{chapter.2}% 7
\BOOKMARK [1][-]{section.2.2}{2.2 Ravenpack Sentiment Data}{chapter.2}% 8
\BOOKMARK [1][-]{section.2.3}{2.3 Analyst Reports}{chapter.2}% 9
\BOOKMARK [1][-]{section.2.4}{2.4 Stock Data}{chapter.2}% 10
\BOOKMARK [2][-]{subsection.2.4.1}{2.4.1 Overview over the Stock Data}{section.2.4}% 11
\BOOKMARK [2][-]{subsection.2.4.2}{2.4.2 Data Transformation}{section.2.4}% 12
\BOOKMARK [0][-]{chapter.3}{3 Predicting Stocks}{}% 13
\BOOKMARK [1][-]{section.3.1}{3.1 Predictions Using Machine Learning}{chapter.3}% 14
\BOOKMARK [1][-]{section.3.2}{3.2 Predictions Using Time Series}{chapter.3}% 15
\BOOKMARK [2][-]{subsection.3.2.1}{3.2.1 Idea/Process and Evaluation}{section.3.2}% 16
\BOOKMARK [2][-]{subsection.3.2.2}{3.2.2 Theoretical Overview}{section.3.2}% 17
\BOOKMARK [2][-]{subsection.3.2.3}{3.2.3 Approaching the Training Data}{section.3.2}% 18
\BOOKMARK [2][-]{subsection.3.2.4}{3.2.4 Summary of Prediction with Time Series Models}{section.3.2}% 19
\BOOKMARK [1][-]{section.3.3}{3.3 Hybrid Prediction}{chapter.3}% 20
\BOOKMARK [2][-]{subsection.3.3.1}{3.3.1 ARMAX Predictions}{section.3.3}% 21
\BOOKMARK [2][-]{subsection.3.3.2}{3.3.2 Weighted Average of Predictions}{section.3.3}% 22
\BOOKMARK [0][-]{chapter.4}{4 Trading Strategies}{}% 23
\BOOKMARK [1][-]{section.4.1}{4.1 Trading Strategies - Introduction and Theory}{chapter.4}% 24
\BOOKMARK [2][-]{subsection.4.1.1}{4.1.1 Idea and Process}{section.4.1}% 25
\BOOKMARK [2][-]{subsection.4.1.2}{4.1.2 Mean Reversion Models and Momentum Trading - Theoretical Background}{section.4.1}% 26
\BOOKMARK [1][-]{section.4.2}{4.2 Trading Strategies - Implementation}{chapter.4}% 27
\BOOKMARK [2][-]{subsection.4.2.1}{4.2.1 Mean Reversion Portfolio}{section.4.2}% 28
\BOOKMARK [2][-]{subsection.4.2.2}{4.2.2 Mean Reversion - single stocks}{section.4.2}% 29
\BOOKMARK [2][-]{subsection.4.2.3}{4.2.3 Momentum Based Trading}{section.4.2}% 30
\BOOKMARK [2][-]{subsection.4.2.4}{4.2.4 Pairs Trading}{section.4.2}% 31
\BOOKMARK [1][-]{section.4.3}{4.3 Trading Strategies Based on Our Predictions}{chapter.4}% 32
\BOOKMARK [1][-]{section.4.4}{4.4 Hybrid Trading Strategies}{chapter.4}% 33
\BOOKMARK [0][-]{chapter.5}{5 Conclusion}{}% 34
\BOOKMARK [0][-]{chapter*.25}{Bibliography}{}% 35
\BOOKMARK [0][-]{appendix.A}{A Appendix A name}{}% 36
\BOOKMARK [0][-]{appendix*.38}{Statutory Declaration}{}% 37
